<?xml version="1.0" encoding="UTF-8"?>
<!-- Generated by org.testng.reporters.JUnitReportReporter -->
<testsuite hostname="DESKTOP-QQ8RL6I" failures="0" tests="1" name="ikame.docxreader.testsuite.TS_01_DocxReader_Logic_Camera" time="36.330" errors="0" timestamp="17 May 2024 11:20:43 GMT">
  <testcase classname="ikame.docxreader.testsuite.TS_01_DocxReader_Logic_Camera" name="TC_001_Logic_Camera_CreateNew" time="36.330"/>
</testsuite> <!-- ikame.docxreader.testsuite.TS_01_DocxReader_Logic_Camera -->
