<?xml version="1.0" encoding="UTF-8"?>
<!-- Generated by org.testng.reporters.JUnitReportReporter -->
<testsuite hostname="DESKTOP-QQ8RL6I" failures="0" tests="11" name="ikame.docxreader.testsuite.TS_01_DocxReader_CheckAllLink_Language" time="362.388" errors="0" timestamp="10 May 2024 11:47:07 GMT">
  <testcase classname="ikame.docxreader.testsuite.TS_01_DocxReader_CheckAllLink_Language" name="TC_004_CheckAllLink_Language_AnDo" time="29.803"/>
  <testcase classname="ikame.docxreader.testsuite.TS_01_DocxReader_CheckAllLink_Language" name="TC_006_CheckAllLink_Language_NhatBan" time="29.092"/>
  <testcase classname="ikame.docxreader.testsuite.TS_01_DocxReader_CheckAllLink_Language" name="TC_007_CheckAllLink_Language_TrungQuoc" time="32.149"/>
  <testcase classname="ikame.docxreader.testsuite.TS_01_DocxReader_CheckAllLink_Language" name="TC_005_CheckAllLink_Language_HanQuoc" time="31.506"/>
  <testcase classname="ikame.docxreader.testsuite.TS_01_DocxReader_CheckAllLink_Language" name="TC_011_CheckAllLink_Language_Nga" time="48.681"/>
  <testcase classname="ikame.docxreader.testsuite.TS_01_DocxReader_CheckAllLink_Language" name="TC_003_CheckAllLink_Language_ARapXeUt" time="34.153"/>
  <testcase classname="ikame.docxreader.testsuite.TS_01_DocxReader_CheckAllLink_Language" name="TC_008_CheckAllLink_Language_Duc" time="28.618"/>
  <testcase classname="ikame.docxreader.testsuite.TS_01_DocxReader_CheckAllLink_Language" name="TC_001_CheckAllLink_Language_TiengAnh" time="27.682"/>
  <testcase classname="ikame.docxreader.testsuite.TS_01_DocxReader_CheckAllLink_Language" name="TC_002_CheckAllLink_Language_TayBaNha" time="32.471"/>
  <testcase classname="ikame.docxreader.testsuite.TS_01_DocxReader_CheckAllLink_Language" name="TC_009_CheckAllLink_Language_Phap" time="35.878"/>
  <testcase classname="ikame.docxreader.testsuite.TS_01_DocxReader_CheckAllLink_Language" name="TC_010_CheckAllLink_Language_BoDaoNha" time="32.355"/>
</testsuite> <!-- ikame.docxreader.testsuite.TS_01_DocxReader_CheckAllLink_Language -->
