<?xml version="1.0" encoding="UTF-8"?>
<!-- Generated by org.testng.reporters.JUnitReportReporter -->
<testsuite hostname="DESKTOP-QQ8RL6I" failures="1" tests="2" name="ikame.docxreader.testsuite.TS_02_DocxReader_Logic_View_Detail_File" time="139.802" errors="0" timestamp="20 May 2024 06:40:45 GMT">
  <testcase classname="ikame.docxreader.testsuite.TS_02_DocxReader_Logic_View_Detail_File" name="TC_001_Logic_View_Detail_File_Share_File" time="99.553">
    <failure message="Qua thoi gian nhung khong thay hoac thay doi tuong An element could not be located on the page using the given search parameters.
For documentation on this error, please visit: https://www.selenium.dev/documentation/webdriver/troubleshooting/errors#no-such-element-exception
Build info: version: &#039;4.14.1&#039;, revision: &#039;03f8ede370&#039;
System info: os.name: &#039;Windows 10&#039;, os.arch: &#039;amd64&#039;, os.version: &#039;10.0&#039;, java.version: &#039;17.0.11&#039;
Driver info: io.appium.java_client.android.AndroidDriver
Command: [a77d2474-a0fd-42e1-b6c0-71306a65e5bb, findElement {using=xpath, value=(//android.widget.TextView[@resource-id=&#039;com.happydev.wordoffice:id/tv_doc_name&#039;])[1]}]
Capabilities {appium:app: D:\DucThuan\ikame Projects\..., appium:appActivity: com.happydev.wordoffice.bus..., appium:appPackage: com.happydev.wordoffice, appium:autoGrantPermissions: true, appium:automationName: uiautomator2, appium:databaseEnabled: false, appium:desired: {app: D:\DucThuan\ikame Projects\..., appActivity: com.happydev.wordoffice.bus..., appPackage: com.happydev.wordoffice, autoGrantPermissions: true, automationName: uiautomator2, deviceName: 5t4haexcqwlzypd6, ignoreUnimportantViews: false, newCommandTimeout: 90, platformName: ANDROID, resetKeyboard: true, skipDeviceInitialization: true, udid: 5t4haexcqwlzypd6}, appium:deviceApiLevel: 33, appium:deviceManufacturer: Xiaomi, appium:deviceModel: M2012K10C, appium:deviceName: 5t4haexcqwlzypd6, appium:deviceScreenDensity: 440, appium:deviceScreenSize: 1080x2400, appium:deviceUDID: 5t4haexcqwlzypd6, appium:ignoreUnimportantViews: false, appium:javascriptEnabled: true, appium:locationContextEnabled: false, appium:networkConnectionEnabled: true, appium:newCommandTimeout: 90, appium:pixelRatio: 2.75, appium:platformVersion: 13, appium:resetKeyboard: true, appium:skipDeviceInitialization: true, appium:statBarHeight: 84, appium:takesScreenshot: true, appium:udid: 5t4haexcqwlzypd6, appium:viewportRect: {height: 2316, left: 0, top: 84, width: 1080}, appium:warnings: {}, appium:webStorageEnabled: false, platformName: ANDROID}
Session ID: a77d2474-a0fd-42e1-b6c0-71306a65e5bb" type="java.lang.AssertionError">
      <![CDATA[java.lang.AssertionError: Qua thoi gian nhung khong thay hoac thay doi tuong An element could not be located on the page using the given search parameters.
For documentation on this error, please visit: https://www.selenium.dev/documentation/webdriver/troubleshooting/errors#no-such-element-exception
Build info: version: '4.14.1', revision: '03f8ede370'
System info: os.name: 'Windows 10', os.arch: 'amd64', os.version: '10.0', java.version: '17.0.11'
Driver info: io.appium.java_client.android.AndroidDriver
Command: [a77d2474-a0fd-42e1-b6c0-71306a65e5bb, findElement {using=xpath, value=(//android.widget.TextView[@resource-id='com.happydev.wordoffice:id/tv_doc_name'])[1]}]
Capabilities {appium:app: D:\DucThuan\ikame Projects\..., appium:appActivity: com.happydev.wordoffice.bus..., appium:appPackage: com.happydev.wordoffice, appium:autoGrantPermissions: true, appium:automationName: uiautomator2, appium:databaseEnabled: false, appium:desired: {app: D:\DucThuan\ikame Projects\..., appActivity: com.happydev.wordoffice.bus..., appPackage: com.happydev.wordoffice, autoGrantPermissions: true, automationName: uiautomator2, deviceName: 5t4haexcqwlzypd6, ignoreUnimportantViews: false, newCommandTimeout: 90, platformName: ANDROID, resetKeyboard: true, skipDeviceInitialization: true, udid: 5t4haexcqwlzypd6}, appium:deviceApiLevel: 33, appium:deviceManufacturer: Xiaomi, appium:deviceModel: M2012K10C, appium:deviceName: 5t4haexcqwlzypd6, appium:deviceScreenDensity: 440, appium:deviceScreenSize: 1080x2400, appium:deviceUDID: 5t4haexcqwlzypd6, appium:ignoreUnimportantViews: false, appium:javascriptEnabled: true, appium:locationContextEnabled: false, appium:networkConnectionEnabled: true, appium:newCommandTimeout: 90, appium:pixelRatio: 2.75, appium:platformVersion: 13, appium:resetKeyboard: true, appium:skipDeviceInitialization: true, appium:statBarHeight: 84, appium:takesScreenshot: true, appium:udid: 5t4haexcqwlzypd6, appium:viewportRect: {height: 2316, left: 0, top: 84, width: 1080}, appium:warnings: {}, appium:webStorageEnabled: false, platformName: ANDROID}
Session ID: a77d2474-a0fd-42e1-b6c0-71306a65e5bb
	at org.testng.Assert.fail(Assert.java:94)
	at ikame.docxreader.common.commonBase.checkCycling(commonBase.java:367)
	at ikame.docxreader.common.commonBase.getElement(commonBase.java:299)
	at ikame.docxreader.common.commonBase.getElement(commonBase.java:301)
	at ikame.docxreader.common.commonBase.getElement(commonBase.java:301)
	at ikame.docxreader.common.commonBase.getElement(commonBase.java:301)
	at ikame.docxreader.common.commonBase.getElement(commonBase.java:301)
	at ikame.docxreader.common.commonBase.getElement(commonBase.java:301)
	at ikame.docxreader.common.commonBase.getElement(commonBase.java:301)
	at ikame.docxreader.common.commonBase.getElement(commonBase.java:301)
	at ikame.docxreader.common.commonBase.getElement(commonBase.java:301)
	at ikame.docxreader.common.commonBase.getElement(commonBase.java:301)
	at ikame.docxreader.common.commonBase.getElement(commonBase.java:301)
	at ikame.docxreader.common.commonBase.getElement(commonBase.java:301)
	at ikame.docxreader.common.commonBase.getElement(commonBase.java:301)
	at ikame.docxreader.common.commonBase.getElement(commonBase.java:301)
	at ikame.docxreader.common.commonBase.getElement(commonBase.java:301)
	at ikame.docxreader.common.commonBase.getElement(commonBase.java:301)
	at ikame.docxreader.common.commonBase.getElement(commonBase.java:301)
	at ikame.docxreader.common.commonBase.getElement(commonBase.java:301)
	at ikame.docxreader.common.commonBase.getElement(commonBase.java:301)
	at ikame.docxreader.common.commonBase.getElement(commonBase.java:301)
	at ikame.docxreader.common.commonBase.getElement(commonBase.java:301)
	at ikame.docxreader.common.commonBase.getElement(commonBase.java:301)
	at ikame.docxreader.common.commonBase.getElement(commonBase.java:301)
	at ikame.docxreader.common.commonBase.getElement(commonBase.java:301)
	at ikame.docxreader.common.commonBase.getElement(commonBase.java:301)
	at ikame.docxreader.common.commonBase.getElement(commonBase.java:301)
	at ikame.docxreader.common.commonBase.getElement(commonBase.java:301)
	at ikame.docxreader.common.commonBase.getElement(commonBase.java:301)
	at ikame.docxreader.common.commonBase.getElement(commonBase.java:301)
	at ikame.docxreader.common.commonBase.getElement(commonBase.java:301)
	at ikame.docxreader.common.commonBase.getElement(commonBase.java:301)
	at ikame.docxreader.common.commonBase.getElement(commonBase.java:301)
	at ikame.docxreader.common.commonBase.getElement(commonBase.java:301)
	at ikame.docxreader.common.commonBase.getElement(commonBase.java:301)
	at ikame.docxreader.common.commonBase.getElement(commonBase.java:301)
	at ikame.docxreader.common.commonBase.getElement(commonBase.java:301)
	at ikame.docxreader.common.commonBase.getElement(commonBase.java:301)
	at ikame.docxreader.common.commonBase.getElement(commonBase.java:301)
	at ikame.docxreader.common.commonBase.getElement(commonBase.java:301)
	at ikame.docxreader.common.commonBase.getElement(commonBase.java:301)
	at ikame.docxreader.common.commonBase.getElement(commonBase.java:301)
	at ikame.docxreader.common.commonBase.getElement(commonBase.java:301)
	at ikame.docxreader.common.commonBase.getElement(commonBase.java:301)
	at ikame.docxreader.common.commonBase.getElement(commonBase.java:301)
	at ikame.docxreader.common.commonBase.getElement(commonBase.java:301)
	at ikame.docxreader.common.commonBase.getElement(commonBase.java:301)
	at ikame.docxreader.common.commonBase.getElement(commonBase.java:301)
	at ikame.docxreader.common.commonBase.getElement(commonBase.java:301)
	at ikame.docxreader.common.commonBase.getElement(commonBase.java:301)
	at ikame.docxreader.common.commonBase.getElement(commonBase.java:301)
	at ikame.docxreader.common.commonBase.getElement(commonBase.java:301)
	at ikame.docxreader.common.commonBase.getElement(commonBase.java:301)
	at ikame.docxreader.common.commonBase.getElement(commonBase.java:301)
	at ikame.docxreader.common.commonBase.getElement(commonBase.java:301)
	at ikame.docxreader.common.commonBase.getElement(commonBase.java:301)
	at ikame.docxreader.common.commonBase.getElement(commonBase.java:301)
	at ikame.docxreader.common.commonBase.getElement(commonBase.java:301)
	at ikame.docxreader.common.commonBase.getElement(commonBase.java:301)
	at ikame.docxreader.common.commonBase.getElement(commonBase.java:301)
	at ikame.docxreader.common.commonBase.getElement(commonBase.java:301)
	at ikame.docxreader.common.commonBase.getElement(commonBase.java:301)
	at ikame.docxreader.common.commonBase.getElement(commonBase.java:301)
	at ikame.docxreader.common.commonBase.getElement(commonBase.java:301)
	at ikame.docxreader.common.commonBase.getElement(commonBase.java:301)
	at ikame.docxreader.common.commonBase.getElement(commonBase.java:301)
	at ikame.docxreader.common.commonBase.getElement(commonBase.java:301)
	at ikame.docxreader.common.commonBase.getElement(commonBase.java:301)
	at ikame.docxreader.common.commonBase.getElement(commonBase.java:301)
	at ikame.docxreader.common.commonBase.getElement(commonBase.java:301)
	at ikame.docxreader.common.commonBase.getElement(commonBase.java:301)
	at ikame.docxreader.common.commonBase.getElement(commonBase.java:301)
	at ikame.docxreader.common.commonBase.getElement(commonBase.java:301)
	at ikame.docxreader.common.commonBase.getElement(commonBase.java:301)
	at ikame.docxreader.common.commonBase.getElement(commonBase.java:301)
	at ikame.docxreader.common.commonBase.getElement(commonBase.java:301)
	at ikame.docxreader.common.commonBase.getElement(commonBase.java:301)
	at ikame.docxreader.common.commonBase.getElement(commonBase.java:301)
	at ikame.docxreader.common.commonBase.getElement(commonBase.java:301)
	at ikame.docxreader.common.commonBase.getElement(commonBase.java:301)
	at ikame.docxreader.common.commonBase.getElement(commonBase.java:301)
	at ikame.docxreader.common.commonBase.getElement(commonBase.java:301)
	at ikame.docxreader.common.commonBase.getElement(commonBase.java:301)
	at ikame.docxreader.common.commonBase.isDisplay(commonBase.java:468)
	at ikame.docxreader.common.commonBase.getDisplayedElement(commonBase.java:439)
	at ikame.docxreader.common.commonBase.getElementPresent(commonBase.java:382)
	at ikame.docxreader.common.commonBase.click(commonBase.java:536)
	at ikame.docxreader.testsuite.TS_02_DocxReader_Logic_View_Detail_File.TC_001_Logic_View_Detail_File_Share_File(TS_02_DocxReader_Logic_View_Detail_File.java:31)
	at java.base/jdk.internal.reflect.NativeMethodAccessorImpl.invoke0(Native Method)
	at java.base/jdk.internal.reflect.NativeMethodAccessorImpl.invoke(NativeMethodAccessorImpl.java:77)
	at java.base/jdk.internal.reflect.DelegatingMethodAccessorImpl.invoke(DelegatingMethodAccessorImpl.java:43)
	at java.base/java.lang.reflect.Method.invoke(Method.java:568)
	at org.testng.internal.MethodInvocationHelper.invokeMethod(MethodInvocationHelper.java:86)
	at org.testng.internal.Invoker.invokeMethod(Invoker.java:643)
	at org.testng.internal.Invoker.invokeTestMethod(Invoker.java:820)
	at org.testng.internal.Invoker.invokeTestMethods(Invoker.java:1128)
	at org.testng.internal.TestMethodWorker.invokeTestMethods(TestMethodWorker.java:129)
	at org.testng.internal.TestMethodWorker.run(TestMethodWorker.java:112)
	at org.testng.TestRunner.privateRun(TestRunner.java:782)
	at org.testng.TestRunner.run(TestRunner.java:632)
	at org.testng.SuiteRunner.runTest(SuiteRunner.java:366)
	at org.testng.SuiteRunner.runSequentially(SuiteRunner.java:361)
	at org.testng.SuiteRunner.privateRun(SuiteRunner.java:319)
	at org.testng.SuiteRunner.run(SuiteRunner.java:268)
	at org.testng.SuiteRunnerWorker.runSuite(SuiteRunnerWorker.java:52)
	at org.testng.SuiteRunnerWorker.run(SuiteRunnerWorker.java:86)
	at org.testng.TestNG.runSuitesSequentially(TestNG.java:1244)
	at org.testng.TestNG.runSuitesLocally(TestNG.java:1169)
	at org.testng.TestNG.run(TestNG.java:1064)
	at org.testng.remote.AbstractRemoteTestNG.run(AbstractRemoteTestNG.java:115)
	at org.testng.remote.RemoteTestNG.initAndRun(RemoteTestNG.java:293)
	at org.testng.remote.RemoteTestNG.main(RemoteTestNG.java:91)
]]>
    </failure>
  </testcase> <!-- TC_001_Logic_View_Detail_File_Share_File -->
  <testcase classname="ikame.docxreader.testsuite.TS_02_DocxReader_Logic_View_Detail_File" name="TC_002_Logic_View_Detail_File_Signature" time="40.249"/>
</testsuite> <!-- ikame.docxreader.testsuite.TS_02_DocxReader_Logic_View_Detail_File -->
