<?xml version="1.0" encoding="UTF-8"?>
<!-- Generated by org.testng.reporters.JUnitReportReporter -->
<testsuite hostname="DESKTOP-QQ8RL6I" failures="0" tests="1" name="ikame.docxreader.testsuite.TS_02_DocxReader_Logic_View_Detail_File" time="45.204" errors="0" timestamp="20 May 2024 08:02:44 GMT">
  <testcase classname="ikame.docxreader.testsuite.TS_02_DocxReader_Logic_View_Detail_File" name="TC_001_Logic_View_Detail_File_Signature" time="45.204"/>
</testsuite> <!-- ikame.docxreader.testsuite.TS_02_DocxReader_Logic_View_Detail_File -->
