<?xml version="1.0" encoding="UTF-8"?>
<!-- Generated by org.testng.reporters.JUnitReportReporter -->
<testsuite hostname="DESKTOP-QQ8RL6I" failures="0" tests="1" name="ikame.docxreader.testsuite.TS_01_DocxReader_Logic_Scan" time="52.871" errors="0" timestamp="20 May 2024 08:02:44 GMT">
  <testcase classname="ikame.docxreader.testsuite.TS_01_DocxReader_Logic_Scan" name="TC_001_Logic_AddButton_From_Camera_BtnDone" time="52.871"/>
</testsuite> <!-- ikame.docxreader.testsuite.TS_01_DocxReader_Logic_Scan -->
