<?xml version="1.0" encoding="UTF-8"?>
<!-- Generated by org.testng.reporters.JUnitReportReporter -->
<testsuite hostname="DESKTOP-QQ8RL6I" failures="0" tests="3" name="ikame.docxreader.testsuite.TS_03_DocxReader_Logic_Create" time="132.972" errors="0" timestamp="20 May 2024 08:02:44 GMT">
  <testcase classname="ikame.docxreader.testsuite.TS_03_DocxReader_Logic_Create" name="TC_002_Logic_Create_Docx" time="48.274"/>
  <testcase classname="ikame.docxreader.testsuite.TS_03_DocxReader_Logic_Create" name="TC_003_Logic_Create_PPTX" time="42.001"/>
  <testcase classname="ikame.docxreader.testsuite.TS_03_DocxReader_Logic_Create" name="TC_001_Logic_Create_Docx" time="42.697"/>
</testsuite> <!-- ikame.docxreader.testsuite.TS_03_DocxReader_Logic_Create -->
